<?xml version="1.0" encoding="UTF-8"?>
<testsuites name="Search Test Suite" time="56.685" tests="1" failures="0" errors="0">
   <testsuite name="Search Test Suite" tests="1" failures="0" errors="0" time="56.685" skipped="0" timestamp="04-02-2024T14:22:13" hostname="User - DESKTOP-RHVOQ3Q" id="Test Suites/Search Test Suite">
      <properties>
         <property name="deviceName" value=""/>
         <property name="devicePlatform" value=""/>
         <property name="logFolder" value="C:\\Users\\User\\git\\jankintest\\Reports\\20240204_142203\\Search Test Suite\\20240204_142203"/>
         <property name="logFiles" value="C:\\Users\\User\\git\\jankintest\\Reports\\20240204_142203\\Search Test Suite\\20240204_142203\\execution0.log"/>
         <property name="attachments" value="C:\\Users\\User\\git\\jankintest\\Reports\\20240204_142203\\Search Test Suite\\20240204_142203\\1707036759901.png"/>
         <property name="hostName" value="User - DESKTOP-RHVOQ3Q"/>
         <property name="os" value="Windows 10 64bit"/>
         <property name="katalonVersion" value="9.2.0.212"/>
         <property name="browser" value="Chrome 121.0.0.0"/>
         <property name="hostAddress" value="192.168.1.7"/>
         <property name="sessionId" value="13af92c8e18fb18ae9783bffbc9ffe73"/>
         <property name="seleniumVersion" value="3.141.59"/>
         <property name="proxyInformation" value="ProxyInformation { proxyOption=NO_PROXY, proxyServerType=HTTP, username=, password=********, proxyServerAddress=, proxyServerPort=0, executionList=&quot;&quot;, isApplyToDesiredCapabilities=true }"/>
         <property name="platform" value="Windows 10"/>
      </properties>
      <testcase name="Test Cases/Search" time="29.791" classname="Test Cases/Search" status="PASSED">
         <system-out><![CDATA[04-02-2024T14:22:40 - [TEST_CASE][PASSED] - Test Cases/Search: Test Cases/Search

04-02-2024T14:22:40 - [TEST_STEP][PASSED] - openBrowser(""): Browser is opened with url: ''

04-02-2024T14:22:40 - [MESSAGE][WARNING] - A browser is already opened. Closing browser and opening a new one

04-02-2024T14:22:40 - [MESSAGE][INFO] - Starting 'Chrome' driver

04-02-2024T14:22:40 - [MESSAGE][INFO] - Action delay is set to 0 milliseconds

04-02-2024T14:22:41 - [MESSAGE][PASSED] - Browser is opened with url: ''

04-02-2024T14:22:41 - [TEST_STEP][PASSED] - navigateToUrl("https://www.amazon.com/"): Navigate to 'https://www.amazon.com/' successfully

04-02-2024T14:22:43 - [MESSAGE][PASSED] - Navigate to 'https://www.amazon.com/' successfully

04-02-2024T14:22:43 - [TEST_STEP][PASSED] - selectOptionByValue(findTestObject("Object Repository/Search/Page_Amazon.com. Spend less. Smile more/select_All Departments        Arts  Crafts _135c92"), "search-alias=stripbooks-intl-ship", true): All options with value 'search-alias=stripbooks-intl-ship' are selected in object 'Object Repository/Search/Page_Amazon.com. Spend less. Smile more/select_All Departments        Arts  Crafts _135c92'  using regular expression

04-02-2024T14:22:59 - [MESSAGE][PASSED] - All options with value 'search-alias=stripbooks-intl-ship' are selected in object 'Object Repository/Search/Page_Amazon.com. Spend less. Smile more/select_All Departments        Arts  Crafts _135c92'  using regular expression

04-02-2024T14:22:59 - [TEST_STEP][PASSED] - setText(findTestObject("Object Repository/Search/Page_Amazon.com. Spend less. Smile more/input_field-keywords"), "da vinci code"): Text 'da vinci code' is set on object 'Object Repository/Search/Page_Amazon.com. Spend less. Smile more/input_field-keywords'

04-02-2024T14:23:01 - [MESSAGE][PASSED] - Text 'da vinci code' is set on object 'Object Repository/Search/Page_Amazon.com. Spend less. Smile more/input_field-keywords'

04-02-2024T14:23:01 - [TEST_STEP][PASSED] - click(findTestObject("Object Repository/Search/Page_Amazon.com. Spend less. Smile more/inputnav-search-submit-button")): Object: 'Object Repository/Search/Page_Amazon.com. Spend less. Smile more/inputnav-search-submit-button' is clicked on

04-02-2024T14:23:08 - [MESSAGE][PASSED] - Object: 'Object Repository/Search/Page_Amazon.com. Spend less. Smile more/inputnav-search-submit-button' is clicked on

04-02-2024T14:23:08 - [TEST_STEP][PASSED] - verifyElementText(findTestObject("Object Repository/Search/Page_Amazon.com  da vinci code/span_Results"), "Results"): Actual text and expected text of test object 'Object Repository/Search/Page_Amazon.com  da vinci code/span_Results' are matched.

04-02-2024T14:23:09 - [MESSAGE][PASSED] - Actual text and expected text of test object 'Object Repository/Search/Page_Amazon.com  da vinci code/span_Results' are matched.

04-02-2024T14:23:09 - [TEST_STEP][PASSED] - verifyElementText(findTestObject("Object Repository/Search/Page_Amazon.com  da vinci code/span_The Da Vinci Code (Robert Langdon)"), "The Da Vinci Code (Robert Langdon)"): Actual text and expected text of test object 'Object Repository/Search/Page_Amazon.com  da vinci code/span_The Da Vinci Code (Robert Langdon)' are matched.

04-02-2024T14:23:09 - [MESSAGE][PASSED] - Actual text and expected text of test object 'Object Repository/Search/Page_Amazon.com  da vinci code/span_The Da Vinci Code (Robert Langdon)' are matched.

04-02-2024T14:23:09 - [TEST_STEP][PASSED] - closeBrowser(): Browser is closed

04-02-2024T14:23:10 - [MESSAGE][PASSED] - Browser is closed]]></system-out>
         <system-err><![CDATA[]]></system-err>
      </testcase>
      <system-out><![CDATA[04-02-2024T14:22:13 - [TEST_SUITE][FAILED] - Search Test Suite: Test Cases/Search FAILED.
Reason:
com.kms.katalon.core.exception.StepFailedException: Unable to select option by value 'search-alias=stripbooks-intl-ship' of object 'Object Repository/Search/Page_Amazon.com. Spend less. Smile more/select_All Departments        Arts  Crafts _135c92'  using regular expression
	at com.kms.katalon.core.webui.keyword.internal.WebUIKeywordMain.stepFailed(WebUIKeywordMain.groovy:64)
	at com.kms.katalon.core.webui.keyword.internal.WebUIKeywordMain.runKeyword(WebUIKeywordMain.groovy:26)
	at com.kms.katalon.core.webui.keyword.builtin.SelectOptionByValueKeyword.selectOptionByValue(SelectOptionByValueKeyword.groovy:99)
	at com.kms.katalon.core.webui.keyword.builtin.SelectOptionByValueKeyword.execute(SelectOptionByValueKeyword.groovy:71)
	at com.kms.katalon.core.keyword.internal.KeywordExecutor.executeKeywordForPlatform(KeywordExecutor.groovy:74)
	at com.kms.katalon.core.webui.keyword.WebUiBuiltInKeywords.selectOptionByValue(WebUiBuiltInKeywords.groovy:1207)
	at Search.run(Search:24)
	at com.kms.katalon.core.main.ScriptEngine.run(ScriptEngine.java:194)
	at com.kms.katalon.core.main.ScriptEngine.runScriptAsRawText(ScriptEngine.java:119)
	at com.kms.katalon.core.main.TestCaseExecutor.runScript(TestCaseExecutor.java:448)
	at com.kms.katalon.core.main.TestCaseExecutor.doExecute(TestCaseExecutor.java:439)
	at com.kms.katalon.core.main.TestCaseExecutor.processExecutionPhase(TestCaseExecutor.java:418)
	at com.kms.katalon.core.main.TestCaseExecutor.accessMainPhase(TestCaseExecutor.java:410)
	at com.kms.katalon.core.main.TestCaseExecutor.execute(TestCaseExecutor.java:285)
	at com.kms.katalon.core.common.CommonExecutor.accessTestCaseMainPhase(CommonExecutor.java:65)
	at com.kms.katalon.core.main.TestSuiteExecutor.accessTestSuiteMainPhase(TestSuiteExecutor.java:148)
	at com.kms.katalon.core.main.TestSuiteExecutor.execute(TestSuiteExecutor.java:106)
	at com.kms.katalon.core.main.TestCaseMain.startTestSuite(TestCaseMain.java:180)
	at TempTestSuite1707036723725.run(TempTestSuite1707036723725.groovy:36)
	at java.base/jdk.internal.reflect.NativeMethodAccessorImpl.invoke0(Native Method)
	at java.base/jdk.internal.reflect.NativeMethodAccessorImpl.invoke(NativeMethodAccessorImpl.java:77)
	at java.base/jdk.internal.reflect.DelegatingMethodAccessorImpl.invoke(DelegatingMethodAccessorImpl.java:43)
Caused by: com.kms.katalon.core.exception.StepFailedException: No option matched.
	at com.kms.katalon.core.keyword.internal.KeywordMain.stepFailed(KeywordMain.groovy:51)
	at com.kms.katalon.core.keyword.internal.KeywordMain.stepFailed(KeywordMain.groovy)
	at com.kms.katalon.core.keyword.internal.KeywordMain.stepFailed(KeywordMain.groovy:23)
	at com.kms.katalon.core.webui.keyword.builtin.SelectOptionByValueKeyword$_selectOptionByValue_closure1.doCall(SelectOptionByValueKeyword.groovy:92)
	at com.kms.katalon.core.webui.keyword.builtin.SelectOptionByValueKeyword$_selectOptionByValue_closure1.call(SelectOptionByValueKeyword.groovy)
	at com.kms.katalon.core.webui.keyword.internal.WebUIKeywordMain.runKeyword(WebUIKeywordMain.groovy:20)
	... 20 more]]></system-out>
      <system-err><![CDATA[04-02-2024T14:22:13 - [TEST_SUITE][FAILED] - Search Test Suite: Test Cases/Search FAILED.
Reason:
com.kms.katalon.core.exception.StepFailedException: Unable to select option by value 'search-alias=stripbooks-intl-ship' of object 'Object Repository/Search/Page_Amazon.com. Spend less. Smile more/select_All Departments        Arts  Crafts _135c92'  using regular expression
	at com.kms.katalon.core.webui.keyword.internal.WebUIKeywordMain.stepFailed(WebUIKeywordMain.groovy:64)
	at com.kms.katalon.core.webui.keyword.internal.WebUIKeywordMain.runKeyword(WebUIKeywordMain.groovy:26)
	at com.kms.katalon.core.webui.keyword.builtin.SelectOptionByValueKeyword.selectOptionByValue(SelectOptionByValueKeyword.groovy:99)
	at com.kms.katalon.core.webui.keyword.builtin.SelectOptionByValueKeyword.execute(SelectOptionByValueKeyword.groovy:71)
	at com.kms.katalon.core.keyword.internal.KeywordExecutor.executeKeywordForPlatform(KeywordExecutor.groovy:74)
	at com.kms.katalon.core.webui.keyword.WebUiBuiltInKeywords.selectOptionByValue(WebUiBuiltInKeywords.groovy:1207)
	at Search.run(Search:24)
	at com.kms.katalon.core.main.ScriptEngine.run(ScriptEngine.java:194)
	at com.kms.katalon.core.main.ScriptEngine.runScriptAsRawText(ScriptEngine.java:119)
	at com.kms.katalon.core.main.TestCaseExecutor.runScript(TestCaseExecutor.java:448)
	at com.kms.katalon.core.main.TestCaseExecutor.doExecute(TestCaseExecutor.java:439)
	at com.kms.katalon.core.main.TestCaseExecutor.processExecutionPhase(TestCaseExecutor.java:418)
	at com.kms.katalon.core.main.TestCaseExecutor.accessMainPhase(TestCaseExecutor.java:410)
	at com.kms.katalon.core.main.TestCaseExecutor.execute(TestCaseExecutor.java:285)
	at com.kms.katalon.core.common.CommonExecutor.accessTestCaseMainPhase(CommonExecutor.java:65)
	at com.kms.katalon.core.main.TestSuiteExecutor.accessTestSuiteMainPhase(TestSuiteExecutor.java:148)
	at com.kms.katalon.core.main.TestSuiteExecutor.execute(TestSuiteExecutor.java:106)
	at com.kms.katalon.core.main.TestCaseMain.startTestSuite(TestCaseMain.java:180)
	at TempTestSuite1707036723725.run(TempTestSuite1707036723725.groovy:36)
	at java.base/jdk.internal.reflect.NativeMethodAccessorImpl.invoke0(Native Method)
	at java.base/jdk.internal.reflect.NativeMethodAccessorImpl.invoke(NativeMethodAccessorImpl.java:77)
	at java.base/jdk.internal.reflect.DelegatingMethodAccessorImpl.invoke(DelegatingMethodAccessorImpl.java:43)
Caused by: com.kms.katalon.core.exception.StepFailedException: No option matched.
	at com.kms.katalon.core.keyword.internal.KeywordMain.stepFailed(KeywordMain.groovy:51)
	at com.kms.katalon.core.keyword.internal.KeywordMain.stepFailed(KeywordMain.groovy)
	at com.kms.katalon.core.keyword.internal.KeywordMain.stepFailed(KeywordMain.groovy:23)
	at com.kms.katalon.core.webui.keyword.builtin.SelectOptionByValueKeyword$_selectOptionByValue_closure1.doCall(SelectOptionByValueKeyword.groovy:92)
	at com.kms.katalon.core.webui.keyword.builtin.SelectOptionByValueKeyword$_selectOptionByValue_closure1.call(SelectOptionByValueKeyword.groovy)
	at com.kms.katalon.core.webui.keyword.internal.WebUIKeywordMain.runKeyword(WebUIKeywordMain.groovy:20)
	... 20 more]]></system-err>
   </testsuite>
</testsuites>
